0 verbose cli /usr/local/Cellar/node/24.3.0/bin/node /usr/local/lib/node_modules/npm/bin/npm-cli.js
1 info using npm@11.4.2
2 info using node@v24.3.0
3 silly config load:file:/usr/local/lib/node_modules/npm/npmrc
4 silly config load:file:/Users/glebkoroteev/.npmrc
5 silly config load:file:/Users/glebkoroteev/projects/automatizator-site/.home/.npmrc
6 silly config load:file:/usr/local/etc/npmrc
7 verbose title npm exec create-next-app @latest . --ts --app --eslint --tailwind --src-dir=false --import-alias  @/* --use-npm
8 verbose argv "exec" "--yes" "--" "create-next-app" "@latest" "." "--ts" "--app" "--eslint" "--tailwind" "--src-dir=false" "--import-alias" " @/*" "--use-npm"
9 verbose logfile logs-max:10 dir:/Users/glebkoroteev/projects/automatizator-site/.npm-cache/_logs/2025-11-10T05_24_44_118Z-
10 verbose logfile /Users/glebkoroteev/projects/automatizator-site/.npm-cache/_logs/2025-11-10T05_24_44_118Z-debug-0.log
11 silly logfile done cleaning log files
12 silly packumentCache heap:2348810240 maxSize:587202560 maxEntrySize:293601280
13 http fetch GET 200 https://registry.npmjs.org/create-next-app 2089ms (cache miss)
14 silly packumentCache heap:2348810240 maxSize:587202560 maxEntrySize:293601280
15 http fetch GET 200 https://registry.npmjs.org/npm 3105ms
16 silly packumentCache heap:2348810240 maxSize:587202560 maxEntrySize:293601280
17 silly idealTree buildDeps
18 silly fetch manifest create-next-app@16.0.1
19 silly packumentCache full:https://registry.npmjs.org/create-next-app cache-miss
20 http fetch GET 200 https://registry.npmjs.org/create-next-app 1154ms (cache miss)
21 silly packumentCache full:https://registry.npmjs.org/create-next-app set size:undefined disposed:false
22 silly placeDep ROOT create-next-app@16.0.1 OK for:  want: 16.0.1
23 silly reify moves {}
24 silly audit bulk request { 'create-next-app': [ '16.0.1' ] }
25 http cache create-next-app@https://registry.npmjs.org/create-next-app/-/create-next-app-16.0.1.tgz 1ms (cache hit)
26 silly tarball no local data for create-next-app@https://registry.npmjs.org/create-next-app/-/create-next-app-16.0.1.tgz. Extracting by manifest.
27 http fetch POST 200 https://registry.npmjs.org/-/npm/v1/security/advisories/bulk 325ms
28 silly audit report {}
29 http fetch GET 200 https://registry.npmjs.org/create-next-app/-/create-next-app-16.0.1.tgz 684ms (cache miss)
30 verbose cwd /Users/glebkoroteev/projects/automatizator-site
31 verbose os Darwin 22.6.0
32 verbose node v24.3.0
33 verbose npm  v11.4.2
34 notice
34 notice New minor version of npm available! 11.4.2 -> 11.6.2
34 notice Changelog: https://github.com/npm/cli/releases/tag/v11.6.2
34 notice To update run: npm install -g npm@11.6.2
34 notice  { force: true, Symbol(proc-log.meta): true }
35 verbose exit 1
36 verbose code 1
